143
[1] "repro-illus-p10-n2000-simround15.rds"
[1] 1
[1] "-----> Post Procedure ----->"
[1] "-----> Honest Procedure ----->"
[1] "-----> PRF Procedure ----->"
Time difference of 1.170857 mins
[1] "-----> rf Procedure ----->"
[1] 2
[1] "-----> Post Procedure ----->"
[1] "-----> Honest Procedure ----->"
[1] "-----> PRF Procedure ----->"
Time difference of 1.170895 mins
[1] "-----> rf Procedure ----->"
[1] 3
[1] "-----> Post Procedure ----->"
[1] "-----> Honest Procedure ----->"
[1] "-----> PRF Procedure ----->"
Time difference of 1.162507 mins
[1] "-----> rf Procedure ----->"
[1] 4
[1] "-----> Post Procedure ----->"
[1] "-----> Honest Procedure ----->"
[1] "-----> PRF Procedure ----->"
Time difference of 1.155213 mins
[1] "-----> rf Procedure ----->"
[1] 5
[1] "-----> Post Procedure ----->"
[1] "-----> Honest Procedure ----->"
[1] "-----> PRF Procedure ----->"
Time difference of 1.167821 mins
[1] "-----> rf Procedure ----->"
[1] 6
[1] "-----> Post Procedure ----->"
[1] "-----> Honest Procedure ----->"
[1] "-----> PRF Procedure ----->"
Time difference of 1.138326 mins
[1] "-----> rf Procedure ----->"
[1] 7
[1] "-----> Post Procedure ----->"
[1] "-----> Honest Procedure ----->"
[1] "-----> PRF Procedure ----->"
Time difference of 1.153368 mins
[1] "-----> rf Procedure ----->"
[1] 8
[1] "-----> Post Procedure ----->"
[1] "-----> Honest Procedure ----->"
[1] "-----> PRF Procedure ----->"
Time difference of 1.14772 mins
[1] "-----> rf Procedure ----->"
[1] 9
[1] "-----> Post Procedure ----->"
[1] "-----> Honest Procedure ----->"
[1] "-----> PRF Procedure ----->"
Time difference of 1.154651 mins
[1] "-----> rf Procedure ----->"
[1] 10
[1] "-----> Post Procedure ----->"
[1] "-----> Honest Procedure ----->"
[1] "-----> PRF Procedure ----->"
Time difference of 1.14214 mins
[1] "-----> rf Procedure ----->"
