104
[1] "repro-illus-p10-n3000-simround11.rds"
[1] 1
[1] "-----> Post Procedure ----->"
[1] "-----> Honest Procedure ----->"
[1] "-----> PRF Procedure ----->"
Time difference of 1.914101 mins
[1] "-----> rf Procedure ----->"
[1] 2
[1] "-----> Post Procedure ----->"
[1] "-----> Honest Procedure ----->"
[1] "-----> PRF Procedure ----->"
Time difference of 1.92208 mins
[1] "-----> rf Procedure ----->"
[1] 3
[1] "-----> Post Procedure ----->"
[1] "-----> Honest Procedure ----->"
[1] "-----> PRF Procedure ----->"
Time difference of 1.916317 mins
[1] "-----> rf Procedure ----->"
[1] 4
[1] "-----> Post Procedure ----->"
[1] "-----> Honest Procedure ----->"
[1] "-----> PRF Procedure ----->"
Time difference of 1.912096 mins
[1] "-----> rf Procedure ----->"
[1] 5
[1] "-----> Post Procedure ----->"
[1] "-----> Honest Procedure ----->"
[1] "-----> PRF Procedure ----->"
Time difference of 1.914186 mins
[1] "-----> rf Procedure ----->"
[1] 6
[1] "-----> Post Procedure ----->"
[1] "-----> Honest Procedure ----->"
[1] "-----> PRF Procedure ----->"
Time difference of 1.918354 mins
[1] "-----> rf Procedure ----->"
[1] 7
[1] "-----> Post Procedure ----->"
[1] "-----> Honest Procedure ----->"
[1] "-----> PRF Procedure ----->"
Time difference of 1.929744 mins
[1] "-----> rf Procedure ----->"
[1] 8
[1] "-----> Post Procedure ----->"
[1] "-----> Honest Procedure ----->"
[1] "-----> PRF Procedure ----->"
Time difference of 1.897665 mins
[1] "-----> rf Procedure ----->"
[1] 9
[1] "-----> Post Procedure ----->"
[1] "-----> Honest Procedure ----->"
[1] "-----> PRF Procedure ----->"
Time difference of 1.912167 mins
[1] "-----> rf Procedure ----->"
[1] 10
[1] "-----> Post Procedure ----->"
[1] "-----> Honest Procedure ----->"
[1] "-----> PRF Procedure ----->"
Time difference of 1.879021 mins
[1] "-----> rf Procedure ----->"
