80
[1] "repro-illus-p10-n500-simround9.rds"
[1] 1
[1] "-----> Post Procedure ----->"
[1] "-----> Honest Procedure ----->"
[1] "-----> PRF Procedure ----->"
Time difference of 19.69215 secs
[1] "-----> rf Procedure ----->"
[1] 2
[1] "-----> Post Procedure ----->"
[1] "-----> Honest Procedure ----->"
[1] "-----> PRF Procedure ----->"
Time difference of 18.76699 secs
[1] "-----> rf Procedure ----->"
[1] 3
[1] "-----> Post Procedure ----->"
[1] "-----> Honest Procedure ----->"
[1] "-----> PRF Procedure ----->"
Time difference of 18.87967 secs
[1] "-----> rf Procedure ----->"
[1] 4
[1] "-----> Post Procedure ----->"
[1] "-----> Honest Procedure ----->"
[1] "-----> PRF Procedure ----->"
Time difference of 19.30574 secs
[1] "-----> rf Procedure ----->"
[1] 5
[1] "-----> Post Procedure ----->"
[1] "-----> Honest Procedure ----->"
[1] "-----> PRF Procedure ----->"
Time difference of 19.72973 secs
[1] "-----> rf Procedure ----->"
[1] 6
[1] "-----> Post Procedure ----->"
[1] "-----> Honest Procedure ----->"
[1] "-----> PRF Procedure ----->"
Time difference of 19.29275 secs
[1] "-----> rf Procedure ----->"
[1] 7
[1] "-----> Post Procedure ----->"
[1] "-----> Honest Procedure ----->"
[1] "-----> PRF Procedure ----->"
Time difference of 19.12807 secs
[1] "-----> rf Procedure ----->"
[1] 8
[1] "-----> Post Procedure ----->"
[1] "-----> Honest Procedure ----->"
[1] "-----> PRF Procedure ----->"
Time difference of 19.60938 secs
[1] "-----> rf Procedure ----->"
[1] 9
[1] "-----> Post Procedure ----->"
[1] "-----> Honest Procedure ----->"
[1] "-----> PRF Procedure ----->"
Time difference of 19.20491 secs
[1] "-----> rf Procedure ----->"
[1] 10
[1] "-----> Post Procedure ----->"
[1] "-----> Honest Procedure ----->"
[1] "-----> PRF Procedure ----->"
Time difference of 19.27158 secs
[1] "-----> rf Procedure ----->"
