20
[1] "repro-illus-p10-n500-simround3.rds"
[1] 1
[1] "-----> Post Procedure ----->"
[1] "-----> Honest Procedure ----->"
[1] "-----> PRF Procedure ----->"
Time difference of 24.752 secs
[1] "-----> rf Procedure ----->"
[1] 2
[1] "-----> Post Procedure ----->"
[1] "-----> Honest Procedure ----->"
[1] "-----> PRF Procedure ----->"
Time difference of 24.88578 secs
[1] "-----> rf Procedure ----->"
[1] 3
[1] "-----> Post Procedure ----->"
[1] "-----> Honest Procedure ----->"
[1] "-----> PRF Procedure ----->"
Time difference of 24.74698 secs
[1] "-----> rf Procedure ----->"
[1] 4
[1] "-----> Post Procedure ----->"
[1] "-----> Honest Procedure ----->"
[1] "-----> PRF Procedure ----->"
Time difference of 24.30967 secs
[1] "-----> rf Procedure ----->"
[1] 5
[1] "-----> Post Procedure ----->"
[1] "-----> Honest Procedure ----->"
[1] "-----> PRF Procedure ----->"
Time difference of 24.45249 secs
[1] "-----> rf Procedure ----->"
[1] 6
[1] "-----> Post Procedure ----->"
[1] "-----> Honest Procedure ----->"
[1] "-----> PRF Procedure ----->"
Time difference of 24.23176 secs
[1] "-----> rf Procedure ----->"
[1] 7
[1] "-----> Post Procedure ----->"
[1] "-----> Honest Procedure ----->"
[1] "-----> PRF Procedure ----->"
Time difference of 25.23755 secs
[1] "-----> rf Procedure ----->"
[1] 8
[1] "-----> Post Procedure ----->"
[1] "-----> Honest Procedure ----->"
[1] "-----> PRF Procedure ----->"
Time difference of 24.50667 secs
[1] "-----> rf Procedure ----->"
[1] 9
[1] "-----> Post Procedure ----->"
[1] "-----> Honest Procedure ----->"
[1] "-----> PRF Procedure ----->"
Time difference of 24.29857 secs
[1] "-----> rf Procedure ----->"
[1] 10
[1] "-----> Post Procedure ----->"
[1] "-----> Honest Procedure ----->"
[1] "-----> PRF Procedure ----->"
Time difference of 25.51059 secs
[1] "-----> rf Procedure ----->"
