14
[1] "repro-illus-p10-n3000-simround2.rds"
[1] 1
[1] "-----> Post Procedure ----->"
[1] "-----> Honest Procedure ----->"
[1] "-----> PRF Procedure ----->"
Time difference of 1.744223 mins
[1] "-----> rf Procedure ----->"
[1] 2
[1] "-----> Post Procedure ----->"
[1] "-----> Honest Procedure ----->"
[1] "-----> PRF Procedure ----->"
Time difference of 1.728577 mins
[1] "-----> rf Procedure ----->"
[1] 3
[1] "-----> Post Procedure ----->"
[1] "-----> Honest Procedure ----->"
[1] "-----> PRF Procedure ----->"
Time difference of 1.750019 mins
[1] "-----> rf Procedure ----->"
[1] 4
[1] "-----> Post Procedure ----->"
[1] "-----> Honest Procedure ----->"
[1] "-----> PRF Procedure ----->"
Time difference of 1.714219 mins
[1] "-----> rf Procedure ----->"
[1] 5
[1] "-----> Post Procedure ----->"
[1] "-----> Honest Procedure ----->"
[1] "-----> PRF Procedure ----->"
Time difference of 1.734036 mins
[1] "-----> rf Procedure ----->"
[1] 6
[1] "-----> Post Procedure ----->"
[1] "-----> Honest Procedure ----->"
[1] "-----> PRF Procedure ----->"
Time difference of 1.72298 mins
[1] "-----> rf Procedure ----->"
[1] 7
[1] "-----> Post Procedure ----->"
[1] "-----> Honest Procedure ----->"
[1] "-----> PRF Procedure ----->"
Time difference of 1.734192 mins
[1] "-----> rf Procedure ----->"
[1] 8
[1] "-----> Post Procedure ----->"
[1] "-----> Honest Procedure ----->"
[1] "-----> PRF Procedure ----->"
Time difference of 1.737304 mins
[1] "-----> rf Procedure ----->"
[1] 9
[1] "-----> Post Procedure ----->"
[1] "-----> Honest Procedure ----->"
[1] "-----> PRF Procedure ----->"
Time difference of 1.707912 mins
[1] "-----> rf Procedure ----->"
[1] 10
[1] "-----> Post Procedure ----->"
[1] "-----> Honest Procedure ----->"
[1] "-----> PRF Procedure ----->"
Time difference of 1.714579 mins
[1] "-----> rf Procedure ----->"
